Drill report for keyboards/planck/output/pcbs/planck_routed.kicad_pcb
Created on Sat Jul 29 21:16:49 2023

Copper Layer Stackup:
    =============================================================
    L1 :  F.Cu                      front
    L2 :  B.Cu                      back


Drill file 'planck_routed.drl' contains
    plated through holes:
    =============================================================
    T1  0.40mm  0.016"  (4 holes)
    T2  0.75mm  0.030"  (2 holes)
    T3  0.99mm  0.039"  (98 holes)
    T4  1.09mm  0.043"  (24 holes)
    T5  1.27mm  0.050"  (98 holes)

    Total plated holes count 226


Not plated through holes are merged with plated holes
    unplated through holes:
    =============================================================
    T6  0.90mm  0.035"  (2 holes)
    T7  1.70mm  0.067"  (98 holes)
    T8  3.43mm  0.135"  (49 holes)

    Total unplated holes count 149
